Started GET "/" for 127.0.0.1 at 2018-09-07 21:21:02 -0600
Processing by Rails::WelcomeController#index as HTML
  Rendering /Users/scald/.rbenv/versions/2.5.1/lib/ruby/gems/2.5.0/gems/railties-5.1.6/lib/rails/templates/rails/welcome/index.html.erb
  Rendered /Users/scald/.rbenv/versions/2.5.1/lib/ruby/gems/2.5.0/gems/railties-5.1.6/lib/rails/templates/rails/welcome/index.html.erb (10.6ms)
Completed 200 OK in 1085ms (Views: 29.5ms)


Started GET "/" for 127.0.0.1 at 2018-09-07 22:10:31 -0600
Processing by ApplicationController#hello as HTML
  Rendering html template
  Rendered html template (0.1ms)
Completed 200 OK in 827ms (Views: 15.4ms)


Started GET "/static_pages/home" for 127.0.0.1 at 2018-09-07 22:10:56 -0600
Processing by StaticPagesController#home as HTML
  Rendering static_pages/home.html.erb within layouts/application
  Rendered static_pages/home.html.erb within layouts/application (7.4ms)
Completed 200 OK in 2190ms (Views: 2181.5ms)


Started GET "/static_pages/home" for 127.0.0.1 at 2018-09-07 22:34:29 -0600
Processing by StaticPagesController#home as HTML
  Rendering static_pages/home.html.erb within layouts/application
  Rendered static_pages/home.html.erb within layouts/application (1.4ms)
Completed 200 OK in 205ms (Views: 173.8ms)


Started GET "/static_pages/help" for 127.0.0.1 at 2018-09-07 22:34:34 -0600
Processing by StaticPagesController#help as HTML
  Rendering static_pages/help.html.erb within layouts/application
  Rendered static_pages/help.html.erb within layouts/application (4.4ms)
Completed 200 OK in 96ms (Views: 89.6ms)


Started GET "/static_pages/about" for 127.0.0.1 at 2018-09-07 22:34:40 -0600
Processing by StaticPagesController#about as HTML
  Rendering static_pages/about.html.erb within layouts/application
  Rendered static_pages/about.html.erb within layouts/application (1.0ms)
Completed 200 OK in 88ms (Views: 83.2ms)


Started GET "/static_pages/about" for 127.0.0.1 at 2018-09-07 23:14:32 -0600
Processing by StaticPagesController#about as HTML
  Rendering static_pages/about.html.erb within layouts/application
  Rendered static_pages/about.html.erb within layouts/application (16.3ms)
Completed 200 OK in 291ms (Views: 277.6ms)


Started GET "/" for 127.0.0.1 at 2018-09-07 23:14:37 -0600
Processing by StaticPagesController#hello as HTML
  Rendering html template
  Rendered html template (0.1ms)
Completed 200 OK in 4ms (Views: 2.2ms)


Started GET "/" for 127.0.0.1 at 2018-09-07 23:14:41 -0600
Processing by StaticPagesController#hello as HTML
  Rendering html template
  Rendered html template (0.1ms)
Completed 200 OK in 4ms (Views: 2.0ms)


Started GET "/" for 127.0.0.1 at 2018-09-07 23:14:48 -0600
Processing by StaticPagesController#hello as HTML
  Rendering html template
  Rendered html template (0.1ms)
Completed 200 OK in 3ms (Views: 1.6ms)


Started GET "/" for 127.0.0.1 at 2018-09-07 23:15:15 -0600
Processing by StaticPagesController#hello as HTML
  Rendering html template
  Rendered html template (0.1ms)
Completed 200 OK in 321ms (Views: 10.2ms)


Started GET "/" for 127.0.0.1 at 2018-09-07 23:15:48 -0600
Processing by StaticPagesController#home as HTML
  Rendering static_pages/home.html.erb within layouts/application
  Rendered static_pages/home.html.erb within layouts/application (3.4ms)
Completed 200 OK in 675ms (Views: 664.7ms)


Started GET "/" for 127.0.0.1 at 2018-09-08 06:19:21 -0600
Processing by StaticPagesController#home as HTML
  Rendering static_pages/home.html.erb within layouts/application
  Rendered static_pages/home.html.erb within layouts/application (10866.6ms)
Completed 200 OK in 12067ms (Views: 11082.2ms)


Started GET "/" for 127.0.0.1 at 2018-09-08 06:21:51 -0600
Processing by StaticPagesController#home as HTML
  Rendering static_pages/home.html.erb within layouts/application
  Rendered static_pages/home.html.erb within layouts/application (10.2ms)
Completed 200 OK in 6602ms (Views: 6593.7ms)


Started GET "/" for 127.0.0.1 at 2018-09-08 06:26:12 -0600
Processing by StaticPagesController#home as HTML
  Rendering static_pages/home.html.erb within layouts/application
  Rendered static_pages/home.html.erb within layouts/application (44.8ms)
Completed 200 OK in 4943ms (Views: 4925.0ms)


Started GET "/" for 127.0.0.1 at 2018-09-08 06:28:26 -0600
Processing by StaticPagesController#home as HTML
  Rendering static_pages/home.html.erb within layouts/application
  Rendered static_pages/home.html.erb within layouts/application (12.0ms)
Completed 200 OK in 4670ms (Views: 4663.1ms)


Started GET "/" for 127.0.0.1 at 2018-09-08 06:28:55 -0600
Processing by StaticPagesController#home as HTML
  Rendering static_pages/home.html.erb within layouts/application
  Rendered static_pages/home.html.erb within layouts/application (7.9ms)
Completed 200 OK in 4460ms (Views: 4455.5ms)


Started GET "/" for 127.0.0.1 at 2018-09-08 06:29:57 -0600
Processing by StaticPagesController#home as HTML
  Rendering static_pages/home.html.erb within layouts/application
  Rendered static_pages/home.html.erb within layouts/application (8.6ms)
Completed 200 OK in 195ms (Views: 183.5ms)


Started GET "/" for 127.0.0.1 at 2018-09-08 06:30:36 -0600
Processing by StaticPagesController#home as HTML
  Rendering static_pages/home.html.erb within layouts/application
  Rendered static_pages/home.html.erb within layouts/application (4.6ms)
Completed 200 OK in 129ms (Views: 121.0ms)


Started GET "/" for 127.0.0.1 at 2018-09-08 06:32:37 -0600
Processing by StaticPagesController#home as HTML
  Rendering static_pages/home.html.erb within layouts/application
  Rendered static_pages/home.html.erb within layouts/application (5.2ms)
Completed 200 OK in 4978ms (Views: 4970.4ms)


Started GET "/" for 127.0.0.1 at 2018-09-09 16:13:15 -0600
Processing by StaticPagesController#home as HTML
  Rendering static_pages/home.html.erb within layouts/application
  Rendered static_pages/home.html.erb within layouts/application (1026.5ms)
Completed 200 OK in 1717ms (Views: 1135.6ms)


Started GET "/" for 127.0.0.1 at 2018-09-09 16:22:23 -0600
Processing by StaticPagesController#home as HTML
  Rendering static_pages/home.html.erb within layouts/application
  Rendered static_pages/home.html.erb within layouts/application (36.9ms)
  Rendered layouts/_shim.html.erb (0.8ms)
  Rendered layouts/_header.html.erb (1.6ms)
  Rendered layouts/_footer.html.erb (14.5ms)
Completed 200 OK in 327ms (Views: 287.4ms)


Started GET "/" for 127.0.0.1 at 2018-09-09 16:25:27 -0600
Processing by StaticPagesController#home as HTML
  Rendering static_pages/home.html.erb within layouts/application
  Rendered static_pages/home.html.erb within layouts/application (7.0ms)
  Rendered layouts/_shim.html.erb (0.7ms)
  Rendered layouts/_header.html.erb (1.3ms)
  Rendered layouts/_footer.html.erb (0.7ms)
Completed 200 OK in 3796ms (Views: 3790.0ms)


Started GET "/" for 127.0.0.1 at 2018-09-09 16:26:41 -0600
Processing by StaticPagesController#home as HTML
  Rendering static_pages/home.html.erb within layouts/application
  Rendered static_pages/home.html.erb within layouts/application (5.4ms)
  Rendered layouts/_shim.html.erb (0.8ms)
  Rendered layouts/_header.html.erb (1.3ms)
  Rendered layouts/_footer.html.erb (0.7ms)
Completed 200 OK in 3608ms (Views: 3601.2ms)


Started GET "/" for 127.0.0.1 at 2018-09-09 16:29:22 -0600
Processing by StaticPagesController#home as HTML
  Rendering static_pages/home.html.erb within layouts/application
  Rendered static_pages/home.html.erb within layouts/application (4.0ms)
  Rendered layouts/_rails_default.html.erb (60.0ms)
  Rendered layouts/_shim.html.erb (0.6ms)
  Rendered layouts/_header.html.erb (1.4ms)
  Rendered layouts/_footer.html.erb (0.6ms)
Completed 200 OK in 99ms (Views: 94.3ms)


Started GET "/" for 127.0.0.1 at 2018-09-09 16:29:47 -0600
Processing by StaticPagesController#home as HTML
  Rendering static_pages/home.html.erb within layouts/application
  Rendered static_pages/home.html.erb within layouts/application (4.2ms)
  Rendered layouts/_shim.html.erb (1.1ms)
  Rendered layouts/_header.html.erb (1.5ms)
  Rendered layouts/_footer.html.erb (1.3ms)
Completed 200 OK in 41ms (Views: 36.4ms)


Started GET "/" for 127.0.0.1 at 2018-09-09 18:21:29 -0600
Processing by StaticPagesController#home as HTML
  Rendering static_pages/home.html.erb within layouts/application
  Rendered static_pages/home.html.erb within layouts/application (950.3ms)
  Rendered layouts/_rails_default.html.erb (133.7ms)
  Rendered layouts/_shim.html.erb (1.2ms)
  Rendered layouts/_header.html.erb (686.3ms)
Completed 500 Internal Server Error in 2266ms


  
ActionView::Template::Error (undefined local variable or method `home_url' for #<#<Class:0x00007fde35a91968>:0x00007fde36126300>
Did you mean?  help_url):
    3:     <%= link_to "sample app", "#", id: "logo" %>
    4:     <nav>
    5:       <ul class="nav navbar-nav navbar-right">
    6:         <li><%= link_to "Home",   home_url %></li>
    7:         <li><%= link_to "Help",   help_url %></li>
    8:         <li><%= link_to "Log In", "#" %></li>
    9:       </ul>
  
app/views/layouts/_header.html.erb:6:in `_app_views_layouts__header_html_erb__1237388857163295793_70296224684560'
app/views/layouts/application.html.erb:9:in `_app_views_layouts_application_html_erb__1185945722816273354_70296176772620'
Started GET "/" for 127.0.0.1 at 2018-09-09 18:22:18 -0600
Processing by StaticPagesController#home as HTML
  Rendering static_pages/home.html.erb within layouts/application
  Rendered static_pages/home.html.erb within layouts/application (5.3ms)
  Rendered layouts/_rails_default.html.erb (176.3ms)
  Rendered layouts/_shim.html.erb (1.7ms)
  Rendered layouts/_header.html.erb (0.8ms)
  Rendered layouts/_footer.html.erb (1.1ms)
Completed 200 OK in 230ms (Views: 223.1ms)


Started GET "/" for 127.0.0.1 at 2018-09-09 18:22:21 -0600
Processing by StaticPagesController#home as HTML
  Rendering static_pages/home.html.erb within layouts/application
  Rendered static_pages/home.html.erb within layouts/application (3.8ms)
  Rendered layouts/_rails_default.html.erb (65.1ms)
  Rendered layouts/_shim.html.erb (1.1ms)
  Rendered layouts/_header.html.erb (1.1ms)
  Rendered layouts/_footer.html.erb (1.3ms)
Completed 200 OK in 103ms (Views: 98.9ms)


Started GET "/" for 127.0.0.1 at 2018-09-09 18:22:22 -0600
Processing by StaticPagesController#home as HTML
  Rendering static_pages/home.html.erb within layouts/application
  Rendered static_pages/home.html.erb within layouts/application (3.8ms)
  Rendered layouts/_rails_default.html.erb (69.2ms)
  Rendered layouts/_shim.html.erb (0.4ms)
  Rendered layouts/_header.html.erb (0.7ms)
  Rendered layouts/_footer.html.erb (0.6ms)
Completed 200 OK in 108ms (Views: 103.3ms)


Started GET "/" for 127.0.0.1 at 2018-09-09 18:28:54 -0600
Processing by StaticPagesController#home as HTML
  Rendering static_pages/home.html.erb within layouts/application
  Rendered static_pages/home.html.erb within layouts/application (8.8ms)
  Rendered layouts/_rails_default.html.erb (151.7ms)
  Rendered layouts/_shim.html.erb (2.5ms)
  Rendered layouts/_header.html.erb (4.0ms)
  Rendered layouts/_footer.html.erb (1.6ms)
Completed 200 OK in 231ms (Views: 223.5ms)


Started GET "/" for 127.0.0.1 at 2018-09-09 18:28:57 -0600
Processing by StaticPagesController#home as HTML
  Rendering static_pages/home.html.erb within layouts/application
  Rendered static_pages/home.html.erb within layouts/application (2.9ms)
  Rendered layouts/_rails_default.html.erb (43.9ms)
  Rendered layouts/_shim.html.erb (0.5ms)
  Rendered layouts/_header.html.erb (1.1ms)
  Rendered layouts/_footer.html.erb (0.8ms)
Completed 200 OK in 78ms (Views: 74.0ms)


Started GET "/" for 127.0.0.1 at 2018-09-09 18:29:21 -0600
Processing by StaticPagesController#home as HTML
  Rendering static_pages/home.html.erb within layouts/application
  Rendered static_pages/home.html.erb within layouts/application (2.7ms)
  Rendered layouts/_rails_default.html.erb (40.6ms)
  Rendered layouts/_shim.html.erb (0.5ms)
  Rendered layouts/_header.html.erb (1.2ms)
  Rendered layouts/_footer.html.erb (0.7ms)
Completed 200 OK in 81ms (Views: 77.8ms)


Started GET "/help" for 127.0.0.1 at 2018-09-09 18:29:23 -0600
Processing by StaticPagesController#help as HTML
  Rendering static_pages/help.html.erb within layouts/application
  Rendered static_pages/help.html.erb within layouts/application (0.7ms)
  Rendered layouts/_rails_default.html.erb (40.7ms)
  Rendered layouts/_shim.html.erb (0.6ms)
  Rendered layouts/_header.html.erb (1.0ms)
  Rendered layouts/_footer.html.erb (0.6ms)
Completed 200 OK in 70ms (Views: 66.4ms)


Started GET "/" for 127.0.0.1 at 2018-09-09 18:29:26 -0600
Processing by StaticPagesController#home as HTML
  Rendering static_pages/home.html.erb within layouts/application
  Rendered static_pages/home.html.erb within layouts/application (4.4ms)
  Rendered layouts/_rails_default.html.erb (47.0ms)
  Rendered layouts/_shim.html.erb (0.6ms)
  Rendered layouts/_header.html.erb (1.9ms)
  Rendered layouts/_footer.html.erb (0.9ms)
Completed 200 OK in 87ms (Views: 83.5ms)


Started GET "/help" for 127.0.0.1 at 2018-09-09 18:29:27 -0600
Processing by StaticPagesController#help as HTML
  Rendering static_pages/help.html.erb within layouts/application
  Rendered static_pages/help.html.erb within layouts/application (1.0ms)
  Rendered layouts/_rails_default.html.erb (71.2ms)
  Rendered layouts/_shim.html.erb (0.6ms)
  Rendered layouts/_header.html.erb (2.0ms)
  Rendered layouts/_footer.html.erb (0.6ms)
Completed 200 OK in 112ms (Views: 108.4ms)


Started GET "/" for 127.0.0.1 at 2018-09-09 18:29:27 -0600
Processing by StaticPagesController#home as HTML
  Rendering static_pages/home.html.erb within layouts/application
  Rendered static_pages/home.html.erb within layouts/application (3.9ms)
  Rendered layouts/_rails_default.html.erb (56.1ms)
  Rendered layouts/_shim.html.erb (0.6ms)
  Rendered layouts/_header.html.erb (2.3ms)
  Rendered layouts/_footer.html.erb (1.1ms)
Completed 200 OK in 106ms (Views: 98.2ms)


Started GET "/help" for 127.0.0.1 at 2018-09-09 18:29:28 -0600
Processing by StaticPagesController#help as HTML
  Rendering static_pages/help.html.erb within layouts/application
  Rendered static_pages/help.html.erb within layouts/application (0.6ms)
  Rendered layouts/_rails_default.html.erb (48.2ms)
  Rendered layouts/_shim.html.erb (0.5ms)
  Rendered layouts/_header.html.erb (1.1ms)
  Rendered layouts/_footer.html.erb (1.3ms)
Completed 200 OK in 93ms (Views: 86.1ms)


Started GET "/" for 127.0.0.1 at 2018-09-09 18:29:28 -0600
Processing by StaticPagesController#home as HTML
  Rendering static_pages/home.html.erb within layouts/application
  Rendered static_pages/home.html.erb within layouts/application (3.6ms)
  Rendered layouts/_rails_default.html.erb (44.8ms)
  Rendered layouts/_shim.html.erb (0.5ms)
  Rendered layouts/_header.html.erb (1.0ms)
  Rendered layouts/_footer.html.erb (1.5ms)
Completed 200 OK in 80ms (Views: 76.3ms)


Started GET "/help" for 127.0.0.1 at 2018-09-09 18:29:29 -0600
Processing by StaticPagesController#help as HTML
  Rendering static_pages/help.html.erb within layouts/application
  Rendered static_pages/help.html.erb within layouts/application (0.6ms)
  Rendered layouts/_rails_default.html.erb (52.2ms)
  Rendered layouts/_shim.html.erb (1.0ms)
  Rendered layouts/_header.html.erb (0.9ms)
  Rendered layouts/_footer.html.erb (1.2ms)
Completed 200 OK in 88ms (Views: 82.0ms)


Started GET "/" for 127.0.0.1 at 2018-09-09 18:29:29 -0600
Processing by StaticPagesController#home as HTML
  Rendering static_pages/home.html.erb within layouts/application
  Rendered static_pages/home.html.erb within layouts/application (5.5ms)
  Rendered layouts/_rails_default.html.erb (57.2ms)
  Rendered layouts/_shim.html.erb (0.5ms)
  Rendered layouts/_header.html.erb (1.4ms)
  Rendered layouts/_footer.html.erb (1.2ms)
Completed 200 OK in 104ms (Views: 95.9ms)


Started GET "/help" for 127.0.0.1 at 2018-09-09 18:29:30 -0600
Processing by StaticPagesController#help as HTML
  Rendering static_pages/help.html.erb within layouts/application
  Rendered static_pages/help.html.erb within layouts/application (0.7ms)
  Rendered layouts/_rails_default.html.erb (44.3ms)
  Rendered layouts/_shim.html.erb (0.6ms)
  Rendered layouts/_header.html.erb (0.9ms)
  Rendered layouts/_footer.html.erb (0.8ms)
Completed 200 OK in 77ms (Views: 73.2ms)


Started GET "/" for 127.0.0.1 at 2018-09-09 18:29:32 -0600
Processing by StaticPagesController#home as HTML
  Rendering static_pages/home.html.erb within layouts/application
  Rendered static_pages/home.html.erb within layouts/application (2.8ms)
  Rendered layouts/_rails_default.html.erb (46.8ms)
  Rendered layouts/_shim.html.erb (0.6ms)
  Rendered layouts/_header.html.erb (1.3ms)
  Rendered layouts/_footer.html.erb (1.7ms)
Completed 200 OK in 90ms (Views: 85.0ms)


Started GET "/" for 127.0.0.1 at 2018-09-09 18:30:02 -0600
Processing by StaticPagesController#home as HTML
  Rendering static_pages/home.html.erb within layouts/application
  Rendered static_pages/home.html.erb within layouts/application (3.9ms)
  Rendered layouts/_rails_default.html.erb (56.7ms)
  Rendered layouts/_shim.html.erb (0.6ms)
  Rendered layouts/_header.html.erb (1.2ms)
  Rendered layouts/_footer.html.erb (1.1ms)
Completed 200 OK in 108ms (Views: 100.2ms)


Started GET "/about" for 127.0.0.1 at 2018-09-09 18:30:05 -0600
Processing by StaticPagesController#about as HTML
  Rendering static_pages/about.html.erb within layouts/application
  Rendered static_pages/about.html.erb within layouts/application (0.6ms)
  Rendered layouts/_rails_default.html.erb (48.3ms)
  Rendered layouts/_shim.html.erb (0.4ms)
  Rendered layouts/_header.html.erb (1.6ms)
  Rendered layouts/_footer.html.erb (1.2ms)
Completed 200 OK in 81ms (Views: 76.6ms)


Started GET "/contact" for 127.0.0.1 at 2018-09-09 18:30:07 -0600
Processing by StaticPagesController#contact as HTML
  Rendering static_pages/contact.html.erb within layouts/application
  Rendered static_pages/contact.html.erb within layouts/application (0.6ms)
  Rendered layouts/_rails_default.html.erb (41.7ms)
  Rendered layouts/_shim.html.erb (0.7ms)
  Rendered layouts/_header.html.erb (1.1ms)
  Rendered layouts/_footer.html.erb (0.7ms)
Completed 200 OK in 73ms (Views: 68.8ms)


Started GET "/about" for 127.0.0.1 at 2018-09-09 18:30:08 -0600
Processing by StaticPagesController#about as HTML
  Rendering static_pages/about.html.erb within layouts/application
  Rendered static_pages/about.html.erb within layouts/application (0.7ms)
  Rendered layouts/_rails_default.html.erb (42.0ms)
  Rendered layouts/_shim.html.erb (0.6ms)
  Rendered layouts/_header.html.erb (1.0ms)
  Rendered layouts/_footer.html.erb (1.8ms)
Completed 200 OK in 81ms (Views: 75.0ms)


Started GET "/" for 127.0.0.1 at 2018-09-09 18:30:09 -0600
Processing by StaticPagesController#home as HTML
  Rendering static_pages/home.html.erb within layouts/application
  Rendered static_pages/home.html.erb within layouts/application (5.3ms)
  Rendered layouts/_rails_default.html.erb (53.2ms)
  Rendered layouts/_shim.html.erb (0.5ms)
  Rendered layouts/_header.html.erb (0.9ms)
  Rendered layouts/_footer.html.erb (0.9ms)
Completed 200 OK in 92ms (Views: 88.9ms)


Started GET "/help" for 127.0.0.1 at 2018-09-09 18:30:10 -0600
Processing by StaticPagesController#help as HTML
  Rendering static_pages/help.html.erb within layouts/application
  Rendered static_pages/help.html.erb within layouts/application (0.7ms)
  Rendered layouts/_rails_default.html.erb (41.8ms)
  Rendered layouts/_shim.html.erb (0.6ms)
  Rendered layouts/_header.html.erb (1.1ms)
  Rendered layouts/_footer.html.erb (1.4ms)
Completed 200 OK in 77ms (Views: 71.4ms)


Started GET "/" for 127.0.0.1 at 2018-09-09 18:30:11 -0600
Processing by StaticPagesController#home as HTML
  Rendering static_pages/home.html.erb within layouts/application
  Rendered static_pages/home.html.erb within layouts/application (3.6ms)
  Rendered layouts/_rails_default.html.erb (55.5ms)
  Rendered layouts/_shim.html.erb (1.0ms)
  Rendered layouts/_header.html.erb (1.0ms)
  Rendered layouts/_footer.html.erb (0.7ms)
Completed 200 OK in 98ms (Views: 94.3ms)


Started GET "/help" for 127.0.0.1 at 2018-09-09 18:30:12 -0600
Processing by StaticPagesController#help as HTML
  Rendering static_pages/help.html.erb within layouts/application
  Rendered static_pages/help.html.erb within layouts/application (0.6ms)
  Rendered layouts/_rails_default.html.erb (43.4ms)
  Rendered layouts/_shim.html.erb (0.6ms)
  Rendered layouts/_header.html.erb (1.8ms)
  Rendered layouts/_footer.html.erb (1.7ms)
Completed 200 OK in 77ms (Views: 72.0ms)


Started GET "/contact" for 127.0.0.1 at 2018-09-09 18:30:13 -0600
Processing by StaticPagesController#contact as HTML
  Rendering static_pages/contact.html.erb within layouts/application
  Rendered static_pages/contact.html.erb within layouts/application (0.6ms)
  Rendered layouts/_rails_default.html.erb (56.1ms)
  Rendered layouts/_shim.html.erb (0.6ms)
  Rendered layouts/_header.html.erb (2.4ms)
  Rendered layouts/_footer.html.erb (0.9ms)
Completed 200 OK in 93ms (Views: 89.0ms)


Started GET "/about" for 127.0.0.1 at 2018-09-09 18:30:14 -0600
Processing by StaticPagesController#about as HTML
  Rendering static_pages/about.html.erb within layouts/application
  Rendered static_pages/about.html.erb within layouts/application (0.8ms)
  Rendered layouts/_rails_default.html.erb (40.0ms)
  Rendered layouts/_shim.html.erb (0.5ms)
  Rendered layouts/_header.html.erb (1.2ms)
  Rendered layouts/_footer.html.erb (1.1ms)
Completed 200 OK in 77ms (Views: 70.6ms)


Started GET "/" for 127.0.0.1 at 2018-09-09 18:30:15 -0600
Processing by StaticPagesController#home as HTML
  Rendering static_pages/home.html.erb within layouts/application
  Rendered static_pages/home.html.erb within layouts/application (2.5ms)
  Rendered layouts/_rails_default.html.erb (63.8ms)
  Rendered layouts/_shim.html.erb (0.5ms)
  Rendered layouts/_header.html.erb (1.5ms)
  Rendered layouts/_footer.html.erb (1.4ms)
Completed 200 OK in 101ms (Views: 96.6ms)


Started GET "/" for 127.0.0.1 at 2018-09-10 01:32:17 -0600
Processing by StaticPagesController#home as HTML
  Rendering static_pages/home.html.erb within layouts/application
  Rendered static_pages/home.html.erb within layouts/application (7.9ms)
  Rendered layouts/_rails_default.html.erb (219.6ms)
  Rendered layouts/_shim.html.erb (0.5ms)
  Rendered layouts/_header.html.erb (1.6ms)
  Rendered layouts/_footer.html.erb (1.1ms)
Completed 200 OK in 270ms (Views: 262.0ms)


Started GET "/" for 127.0.0.1 at 2018-09-10 01:32:17 -0600
Processing by StaticPagesController#home as HTML
  Rendering static_pages/home.html.erb within layouts/application
  Rendered static_pages/home.html.erb within layouts/application (5.3ms)
  Rendered layouts/_rails_default.html.erb (185.9ms)
  Rendered layouts/_shim.html.erb (1.6ms)
  Rendered layouts/_header.html.erb (2.2ms)
  Rendered layouts/_footer.html.erb (1.3ms)
Completed 200 OK in 316ms (Views: 291.7ms)


Started GET "/signup" for 127.0.0.1 at 2018-09-10 01:32:20 -0600
Processing by UsersController#new as HTML
  Rendering users/new.html.erb within layouts/application
  Rendered users/new.html.erb within layouts/application (0.7ms)
  Rendered layouts/_rails_default.html.erb (95.8ms)
  Rendered layouts/_shim.html.erb (2.6ms)
  Rendered layouts/_header.html.erb (1.8ms)
  Rendered layouts/_footer.html.erb (6.6ms)
Completed 200 OK in 156ms (Views: 151.3ms)


Started GET "/signup" for 127.0.0.1 at 2018-09-10 01:32:50 -0600
Processing by UsersController#new as HTML
  Rendering users/new.html.erb within layouts/application
  Rendered users/new.html.erb within layouts/application (0.7ms)
  Rendered layouts/_rails_default.html.erb (90.3ms)
  Rendered layouts/_shim.html.erb (0.6ms)
  Rendered layouts/_header.html.erb (1.0ms)
  Rendered layouts/_footer.html.erb (1.5ms)
Completed 200 OK in 140ms (Views: 133.6ms)


Started GET "/" for 127.0.0.1 at 2018-09-10 01:32:54 -0600
Processing by StaticPagesController#home as HTML
  Rendering static_pages/home.html.erb within layouts/application
  Rendered static_pages/home.html.erb within layouts/application (3.6ms)
  Rendered layouts/_rails_default.html.erb (100.5ms)
  Rendered layouts/_shim.html.erb (2.2ms)
  Rendered layouts/_header.html.erb (1.3ms)
  Rendered layouts/_footer.html.erb (1.3ms)
Completed 200 OK in 159ms (Views: 152.8ms)


Started GET "/signup" for 127.0.0.1 at 2018-09-10 01:32:58 -0600
Processing by UsersController#new as HTML
  Rendering users/new.html.erb within layouts/application
  Rendered users/new.html.erb within layouts/application (3.5ms)
  Rendered layouts/_rails_default.html.erb (90.2ms)
  Rendered layouts/_shim.html.erb (0.7ms)
  Rendered layouts/_header.html.erb (1.5ms)
  Rendered layouts/_footer.html.erb (0.9ms)
Completed 200 OK in 145ms (Views: 139.1ms)


Started GET "/" for 127.0.0.1 at 2018-09-10 01:32:59 -0600
Processing by StaticPagesController#home as HTML
  Rendering static_pages/home.html.erb within layouts/application
  Rendered static_pages/home.html.erb within layouts/application (3.9ms)
  Rendered layouts/_rails_default.html.erb (76.0ms)
  Rendered layouts/_shim.html.erb (5.1ms)
  Rendered layouts/_header.html.erb (6.6ms)
  Rendered layouts/_footer.html.erb (9.2ms)
Completed 200 OK in 159ms (Views: 153.7ms)


